<?xml version="1.0" encoding="UTF-8"?>
<testng-results ignored="0" total="1" passed="0" failed="1" skipped="0">
  <reporter-output>
  </reporter-output>
  <suite started-at="2026-05-12T22:02:16 IST" name="Default suite" finished-at="2026-05-12T22:02:19 IST" duration-ms="3132">
    <groups>
    </groups>
    <test started-at="2026-05-12T22:02:16 IST" name="Default test" finished-at="2026-05-12T22:02:19 IST" duration-ms="3132">
      <class name="com.MyTests.D12InvocationTimeoutDemo">
        <test-method signature="test()[pri:0, instance:com.MyTests.D12InvocationTimeoutDemo@692f203f]" started-at="2026-05-12T22:02:16 IST" name="test" finished-at="2026-05-12T22:02:19 IST" duration-ms="3041" status="FAIL">
          <exception class="org.testng.internal.thread.ThreadTimeoutException">
            <message>
              <![CDATA[Method com.MyTests.D12InvocationTimeoutDemo.test() didn't finish within the time-out 3000]]>
            </message>
            <full-stacktrace>
              <![CDATA[org.testng.internal.thread.ThreadTimeoutException: Method com.MyTests.D12InvocationTimeoutDemo.test() didn't finish within the time-out 3000
at java.base@17.0.12/java.lang.Thread.sleep(Native Method)
at app//com.MyTests.D12InvocationTimeoutDemo.test(D12InvocationTimeoutDemo.java:11)
at java.base@17.0.12/jdk.internal.reflect.NativeMethodAccessorImpl.invoke0(Native Method)
at java.base@17.0.12/jdk.internal.reflect.NativeMethodAccessorImpl.invoke(NativeMethodAccessorImpl.java:77)
at java.base@17.0.12/jdk.internal.reflect.DelegatingMethodAccessorImpl.invoke(DelegatingMethodAccessorImpl.java:43)
at java.base@17.0.12/java.lang.reflect.Method.invoke(Method.java:568)
at app//org.testng.internal.invokers.MethodInvocationHelper.invokeMethod(MethodInvocationHelper.java:141)
at app//org.testng.internal.invokers.InvokeMethodRunnable.runOne(InvokeMethodRunnable.java:47)
at app//org.testng.internal.invokers.InvokeMethodRunnable.call(InvokeMethodRunnable.java:73)
at app//org.testng.internal.invokers.InvokeMethodRunnable.call(InvokeMethodRunnable.java:11)
at java.base@17.0.12/java.util.concurrent.FutureTask.run(FutureTask.java:264)
at java.base@17.0.12/java.util.concurrent.ThreadPoolExecutor.runWorker(ThreadPoolExecutor.java:1136)
at java.base@17.0.12/java.util.concurrent.ThreadPoolExecutor$Worker.run(ThreadPoolExecutor.java:635)
at java.base@17.0.12/java.lang.Thread.run(Thread.java:842)
]]>
            </full-stacktrace>
          </exception> <!-- org.testng.internal.thread.ThreadTimeoutException -->
          <reporter-output>
          </reporter-output>
        </test-method> <!-- test -->
      </class> <!-- com.MyTests.D12InvocationTimeoutDemo -->
    </test> <!-- Default test -->
  </suite> <!-- Default suite -->
</testng-results>
