<?xml version="1.0" encoding="UTF-8"?>
<!-- Generated by org.testng.reporters.JUnitXMLReporter -->
<testsuite ignored="0" hostname="DESKTOP-G8O6OG0" failures="0" tests="6" name="Default test" time="16.488" errors="0" timestamp="2026-05-05T21:32:00 IST">
  <testcase classname="com.TestNGDemos.D14DataDrivenFramework" name="login" time="0.815"/>
  <testcase classname="com.TestNGDemos.D14DataDrivenFramework" name="login" time="0.515"/>
  <testcase classname="com.TestNGDemos.D14DataDrivenFramework" name="login" time="5.534"/>
  <testcase classname="com.TestNGDemos.D14DataDrivenFramework" name="login" time="0.375"/>
  <testcase classname="com.TestNGDemos.D14DataDrivenFramework" name="login" time="0.432"/>
  <testcase classname="com.TestNGDemos.D14DataDrivenFramework" name="login" time="0.38"/>
</testsuite> <!-- Default test -->
