<?xml version="1.0" encoding="UTF-8"?>
<!-- Generated by org.testng.reporters.JUnitXMLReporter -->
<testsuite ignored="0" hostname="DESKTOP-G8O6OG0" failures="0" tests="3" name="Default test" time="14.732" errors="0" timestamp="2026-04-24T22:16:48 IST">
  <testcase classname="com.Assignments.SauseLoginAssignment" name="login1" time="1.819"/>
  <testcase classname="com.Assignments.SauseLoginAssignment" name="login2" time="5.767"/>
  <testcase classname="com.Assignments.SauseLoginAssignment" name="login3" time="0.446"/>
</testsuite> <!-- Default test -->
