<?xml version="1.0" encoding="UTF-8"?>
<!-- Generated by org.testng.reporters.JUnitReportReporter -->
<testsuite hostname="DESKTOP-G8O6OG0" failures="0" tests="5" name="com.MyTests.D09InvocationCountDemo" time="0.078" errors="0" timestamp="2026-05-12T21:41:28 IST" skipped="0">
  <testcase classname="com.MyTests.D09InvocationCountDemo" name="test" time="0.008"/>
  <testcase classname="com.MyTests.D09InvocationCountDemo" name="test" time="0.018"/>
  <testcase classname="com.MyTests.D09InvocationCountDemo" name="test" time="0.004"/>
  <testcase classname="com.MyTests.D09InvocationCountDemo" name="test" time="0.020"/>
  <testcase classname="com.MyTests.D09InvocationCountDemo" name="test" time="0.028"/>
</testsuite> <!-- com.MyTests.D09InvocationCountDemo -->
