<?xml version="1.0" encoding="UTF-8"?>
<!-- Generated by org.testng.reporters.JUnitXMLReporter -->
<testsuite ignored="0" hostname="DESKTOP-G8O6OG0" failures="0" tests="4" name="Testing Online Shopping Applications" time="33.879" errors="0" timestamp="2026-04-29T20:27:53 IST">
  <testcase classname="com.TestNGDemos.D02TestOnlineShopingApps" name="testFlipkart" time="22.191"/>
  <testcase classname="com.TestNGDemos.D02TestOnlineShopingApps" name="testMyntra" time="22.456"/>
  <testcase classname="com.TestNGDemos.D02TestOnlineShopingApps" name="testAmazon" time="22.732"/>
  <testcase classname="com.TestNGDemos.D02TestOnlineShopingApps" name="testNykaa" time="11.577"/>
</testsuite> <!-- Testing Online Shopping Applications -->
