<?xml version="1.0" encoding="UTF-8"?>
<!-- Generated by org.testng.reporters.JUnitXMLReporter -->
<testsuite ignored="2" hostname="DESKTOP-G8O6OG0" failures="0" tests="2" name="Execute Group" time="15.332" errors="0" timestamp="2026-04-28T22:20:41 IST">
  <testcase classname="com.TestNGDemos.D05GoogleAssignment" name="gmailTest" time="4.993"/>
  <testcase classname="com.TestNGDemos.D05GoogleAssignment" name="imagesTest" time="1.746"/>
  <testcase classname="com.TestNGDemos.D05GoogleAssignment" name="howSearchTest" time="0.0">
    <ignored/>
  </testcase> <!-- howSearchTest -->
  <testcase classname="com.TestNGDemos.D05GoogleAssignment" name="advtTest" time="0.0">
    <ignored/>
  </testcase> <!-- advtTest -->
</testsuite> <!-- Execute Group -->
