<?xml version="1.0" encoding="UTF-8"?>
<!-- Generated by org.testng.reporters.JUnitXMLReporter -->
<testsuite ignored="3" hostname="DESKTOP-G8O6OG0" failures="0" tests="1" name="Execute Single Test" time="10.449" errors="0" timestamp="2026-04-28T21:49:39 IST">
  <testcase classname="com.TestNGDemos.D05GoogleAssignment" name="imagesTest" time="1.933"/>
  <testcase classname="com.TestNGDemos.D05GoogleAssignment" name="howSearchTest" time="0.0">
    <ignored/>
  </testcase> <!-- howSearchTest -->
  <testcase classname="com.TestNGDemos.D05GoogleAssignment" name="advtTest" time="0.0">
    <ignored/>
  </testcase> <!-- advtTest -->
  <testcase classname="com.TestNGDemos.D05GoogleAssignment" name="gmailTest" time="0.0">
    <ignored/>
  </testcase> <!-- gmailTest -->
</testsuite> <!-- Execute Single Test -->
