<?xml version="1.0" encoding="UTF-8"?>
<!-- Generated by org.testng.reporters.JUnitXMLReporter -->
<testsuite ignored="2" hostname="DESKTOP-G8O6OG0" failures="0" tests="2" name="Execute Multiple Tests" time="24.328" errors="0" timestamp="2026-04-28T21:54:14 IST">
  <testcase classname="com.TestNGDemos.D05GoogleAssignment" name="imagesTest" time="2.416"/>
  <testcase classname="com.TestNGDemos.D05GoogleAssignment" name="howSearchTest" time="12.591"/>
  <testcase classname="com.TestNGDemos.D05GoogleAssignment" name="gmailTest" time="0.0">
    <ignored/>
  </testcase> <!-- gmailTest -->
  <testcase classname="com.TestNGDemos.D05GoogleAssignment" name="advtTest" time="0.0">
    <ignored/>
  </testcase> <!-- advtTest -->
</testsuite> <!-- Execute Multiple Tests -->
