<?xml version="1.0" encoding="UTF-8"?>
<!-- Generated by org.testng.reporters.JUnitXMLReporter -->
<testsuite ignored="0" hostname="DESKTOP-G8O6OG0" failures="0" tests="8" name="Execute Single Class" time="47.057" errors="0" timestamp="2026-04-28T22:06:45 IST">
  <testcase classname="com.TestNGDemos.D05GoogleAssignment" name="gmailTest" time="4.52"/>
  <testcase classname="com.TestNGDemos.D05GoogleAssignment" name="imagesTest" time="1.451"/>
  <testcase classname="com.TestNGDemos.D05GoogleAssignment" name="advtTest" time="5.376"/>
  <testcase classname="com.TestNGDemos.D05GoogleAssignment" name="howSearchTest" time="7.163"/>
  <testcase classname="com.TestNGDemos.D06DataProvierDemo" name="login" time="1.061"/>
  <testcase classname="com.TestNGDemos.D06DataProvierDemo" name="login" time="0.624"/>
  <testcase classname="com.TestNGDemos.D06DataProvierDemo" name="login" time="5.638"/>
  <testcase classname="com.TestNGDemos.D06DataProvierDemo" name="login" time="0.37"/>
</testsuite> <!-- Execute Single Class -->
