<?xml version="1.0" encoding="UTF-8"?>
<!-- Generated by org.testng.reporters.JUnitXMLReporter -->
<testsuite ignored="1" hostname="DESKTOP-G8O6OG0" failures="0" tests="3" name="Skip Single Test" time="26.016" errors="0" timestamp="2026-04-28T21:57:41 IST">
  <testcase classname="com.TestNGDemos.D05GoogleAssignment" name="gmailTest" time="5.061"/>
  <testcase classname="com.TestNGDemos.D05GoogleAssignment" name="imagesTest" time="1.973"/>
  <testcase classname="com.TestNGDemos.D05GoogleAssignment" name="advtTest" time="6.816"/>
  <testcase classname="com.TestNGDemos.D05GoogleAssignment" name="howSearchTest" time="0.0">
    <ignored/>
  </testcase> <!-- howSearchTest -->
</testsuite> <!-- Skip Single Test -->
