<?xml version="1.0" encoding="UTF-8"?>
<testng-results ignored="0" total="6" passed="6" failed="0" skipped="0">
  <reporter-output>
  </reporter-output>
  <suite started-at="2026-05-05T21:31:43 IST" name="Default suite" finished-at="2026-05-05T21:32:00 IST" duration-ms="16488">
    <groups>
    </groups>
    <test started-at="2026-05-05T21:31:43 IST" name="Default test" finished-at="2026-05-05T21:32:00 IST" duration-ms="16488">
      <class name="com.TestNGDemos.D14DataDrivenFramework">
        <test-method is-config="true" signature="beforeTest()[pri:0, instance:com.TestNGDemos.D14DataDrivenFramework@6ed3ccb2]" started-at="2026-05-05T21:31:43 IST" name="beforeTest" finished-at="2026-05-05T21:31:49 IST" duration-ms="5842" status="PASS">
          <reporter-output>
          </reporter-output>
        </test-method> <!-- beforeTest -->
        <test-method signature="login(java.lang.String,java.lang.String)[pri:0, instance:com.TestNGDemos.D14DataDrivenFramework@6ed3ccb2]" started-at="2026-05-05T21:31:49 IST" name="login" data-provider="getLoginData" finished-at="2026-05-05T21:31:50 IST" duration-ms="815" status="PASS">
          <params>
            <param index="0">
              <value>
                <![CDATA[standard_user]]>
              </value>
            </param>
            <param index="1">
              <value>
                <![CDATA[secret_sauce]]>
              </value>
            </param>
          </params>
          <reporter-output>
          </reporter-output>
        </test-method> <!-- login -->
        <test-method is-config="true" signature="logout()[pri:0, instance:com.TestNGDemos.D14DataDrivenFramework@6ed3ccb2]" started-at="2026-05-05T21:31:50 IST" name="logout" finished-at="2026-05-05T21:31:51 IST" duration-ms="885" status="PASS">
          <reporter-output>
          </reporter-output>
        </test-method> <!-- logout -->
        <test-method signature="login(java.lang.String,java.lang.String)[pri:0, instance:com.TestNGDemos.D14DataDrivenFramework@6ed3ccb2]" started-at="2026-05-05T21:31:51 IST" name="login" data-provider="getLoginData" finished-at="2026-05-05T21:31:52 IST" duration-ms="515" status="PASS">
          <params>
            <param index="0">
              <value>
                <![CDATA[dilshad]]>
              </value>
            </param>
            <param index="1">
              <value>
                <![CDATA[dishad123]]>
              </value>
            </param>
          </params>
          <reporter-output>
          </reporter-output>
        </test-method> <!-- login -->
        <test-method is-config="true" signature="logout()[pri:0, instance:com.TestNGDemos.D14DataDrivenFramework@6ed3ccb2]" started-at="2026-05-05T21:31:52 IST" name="logout" finished-at="2026-05-05T21:31:52 IST" duration-ms="197" status="PASS">
          <reporter-output>
          </reporter-output>
        </test-method> <!-- logout -->
        <test-method signature="login(java.lang.String,java.lang.String)[pri:0, instance:com.TestNGDemos.D14DataDrivenFramework@6ed3ccb2]" started-at="2026-05-05T21:31:52 IST" name="login" data-provider="getLoginData" finished-at="2026-05-05T21:31:57 IST" duration-ms="5534" status="PASS">
          <params>
            <param index="0">
              <value>
                <![CDATA[performance_glitch_user]]>
              </value>
            </param>
            <param index="1">
              <value>
                <![CDATA[secret_sauce]]>
              </value>
            </param>
          </params>
          <reporter-output>
          </reporter-output>
        </test-method> <!-- login -->
        <test-method is-config="true" signature="logout()[pri:0, instance:com.TestNGDemos.D14DataDrivenFramework@6ed3ccb2]" started-at="2026-05-05T21:31:57 IST" name="logout" finished-at="2026-05-05T21:31:58 IST" duration-ms="468" status="PASS">
          <reporter-output>
          </reporter-output>
        </test-method> <!-- logout -->
        <test-method signature="login(java.lang.String,java.lang.String)[pri:0, instance:com.TestNGDemos.D14DataDrivenFramework@6ed3ccb2]" started-at="2026-05-05T21:31:58 IST" name="login" data-provider="getLoginData" finished-at="2026-05-05T21:31:58 IST" duration-ms="375" status="PASS">
          <params>
            <param index="0">
              <value>
                <![CDATA[priyanka]]>
              </value>
            </param>
            <param index="1">
              <value>
                <![CDATA[priyanka]]>
              </value>
            </param>
          </params>
          <reporter-output>
          </reporter-output>
        </test-method> <!-- login -->
        <test-method is-config="true" signature="logout()[pri:0, instance:com.TestNGDemos.D14DataDrivenFramework@6ed3ccb2]" started-at="2026-05-05T21:31:58 IST" name="logout" finished-at="2026-05-05T21:31:58 IST" duration-ms="93" status="PASS">
          <reporter-output>
          </reporter-output>
        </test-method> <!-- logout -->
        <test-method signature="login(java.lang.String,java.lang.String)[pri:0, instance:com.TestNGDemos.D14DataDrivenFramework@6ed3ccb2]" started-at="2026-05-05T21:31:58 IST" name="login" data-provider="getLoginData" finished-at="2026-05-05T21:31:59 IST" duration-ms="432" status="PASS">
          <params>
            <param index="0">
              <value>
                <![CDATA[visual_user]]>
              </value>
            </param>
            <param index="1">
              <value>
                <![CDATA[secret_sauce]]>
              </value>
            </param>
          </params>
          <reporter-output>
          </reporter-output>
        </test-method> <!-- login -->
        <test-method is-config="true" signature="logout()[pri:0, instance:com.TestNGDemos.D14DataDrivenFramework@6ed3ccb2]" started-at="2026-05-05T21:31:59 IST" name="logout" finished-at="2026-05-05T21:31:59 IST" duration-ms="433" status="PASS">
          <reporter-output>
          </reporter-output>
        </test-method> <!-- logout -->
        <test-method signature="login(java.lang.String,java.lang.String)[pri:0, instance:com.TestNGDemos.D14DataDrivenFramework@6ed3ccb2]" started-at="2026-05-05T21:31:59 IST" name="login" data-provider="getLoginData" finished-at="2026-05-05T21:32:00 IST" duration-ms="380" status="PASS">
          <params>
            <param index="0">
              <value>
                <![CDATA[ayush]]>
              </value>
            </param>
            <param index="1">
              <value>
                <![CDATA[ayush123]]>
              </value>
            </param>
          </params>
          <reporter-output>
          </reporter-output>
        </test-method> <!-- login -->
        <test-method is-config="true" signature="logout()[pri:0, instance:com.TestNGDemos.D14DataDrivenFramework@6ed3ccb2]" started-at="2026-05-05T21:32:00 IST" name="logout" finished-at="2026-05-05T21:32:00 IST" duration-ms="95" status="PASS">
          <reporter-output>
          </reporter-output>
        </test-method> <!-- logout -->
        <test-method is-config="true" signature="afterTest()[pri:0, instance:com.TestNGDemos.D14DataDrivenFramework@6ed3ccb2]" started-at="2026-05-05T21:32:00 IST" name="afterTest" finished-at="2026-05-05T21:32:00 IST" duration-ms="275" status="PASS">
          <reporter-output>
          </reporter-output>
        </test-method> <!-- afterTest -->
      </class> <!-- com.TestNGDemos.D14DataDrivenFramework -->
    </test> <!-- Default test -->
  </suite> <!-- Default suite -->
</testng-results>
