<?xml version="1.0" encoding="UTF-8"?>
<!-- Generated by org.testng.reporters.JUnitReportReporter -->
<testsuite hostname="DESKTOP-G8O6OG0" failures="0" tests="2" name="com.TestNGDemos.D05GoogleAssignment" time="10.542" errors="0" timestamp="2026-04-28T22:20:42 IST" skipped="0">
  <testcase classname="com.TestNGDemos.D05GoogleAssignment" name="gmailTest" time="7.068"/>
  <testcase classname="com.TestNGDemos.D05GoogleAssignment" name="imagesTest" time="3.474"/>
</testsuite> <!-- com.TestNGDemos.D05GoogleAssignment -->
