<?xml version="1.0" encoding="UTF-8"?>
<!-- Generated by org.testng.reporters.JUnitReportReporter -->
<testsuite hostname="DESKTOP-G8O6OG0" failures="0" tests="4" name="com.TestNGDemos.D02TestOnlineShopingApps" time="36.844" errors="0" timestamp="2026-04-24T21:05:27 IST" skipped="0">
  <testcase classname="com.TestNGDemos.D02TestOnlineShopingApps" name="testMyntra" time="10.542"/>
  <testcase classname="com.TestNGDemos.D02TestOnlineShopingApps" name="testAmazon" time="5.553"/>
  <testcase classname="com.TestNGDemos.D02TestOnlineShopingApps" name="testFlipkart" time="6.455"/>
  <testcase classname="com.TestNGDemos.D02TestOnlineShopingApps" name="testNykaa" time="14.294"/>
</testsuite> <!-- com.TestNGDemos.D02TestOnlineShopingApps -->
