<?xml version="1.0" encoding="UTF-8"?>
<!-- Generated by org.testng.reporters.JUnitReportReporter -->
<testsuite hostname="DESKTOP-G8O6OG0" failures="0" tests="4" name="com.TestNGDemos.D04Before_After_Method" time="27.763" errors="0" timestamp="2026-04-24T21:53:38 IST" skipped="0">
  <testcase classname="com.TestNGDemos.D04Before_After_Method" name="testMyntra" time="5.701"/>
  <testcase classname="com.TestNGDemos.D04Before_After_Method" name="testAmazon" time="1.897"/>
  <testcase classname="com.TestNGDemos.D04Before_After_Method" name="testFlipkart" time="9.573"/>
  <testcase classname="com.TestNGDemos.D04Before_After_Method" name="testNykaa" time="10.592"/>
</testsuite> <!-- com.TestNGDemos.D04Before_After_Method -->
