<?xml version="1.0" encoding="UTF-8"?>
<!-- Generated by org.testng.reporters.JUnitReportReporter -->
<testsuite hostname="DESKTOP-G8O6OG0" failures="0" tests="3" name="com.Assignments.SauseLoginAssignment" time="9.287" errors="0" timestamp="2026-04-24T22:16:49 IST" skipped="0">
  <testcase classname="com.Assignments.SauseLoginAssignment" name="login3" time="0.458"/>
  <testcase classname="com.Assignments.SauseLoginAssignment" name="login1" time="2.528"/>
  <testcase classname="com.Assignments.SauseLoginAssignment" name="login2" time="6.301"/>
</testsuite> <!-- com.Assignments.SauseLoginAssignment -->
