<?xml version="1.0" encoding="UTF-8"?>
<!-- Generated by org.testng.reporters.JUnitReportReporter -->
<testsuite hostname="DESKTOP-G8O6OG0" failures="0" tests="2" name="com.TestNGDemos.D13ReadingDataFromExcel" time="0.039" errors="0" timestamp="2026-05-05T20:42:07 IST" skipped="1">
  <testcase classname="com.TestNGDemos.D13ReadingDataFromExcel" name="readAllData" time="0.039"/>
  <testcase classname="com.TestNGDemos.D13ReadingDataFromExcel" name="readTheData">
    <skipped/>
  </testcase> <!-- readTheData -->
</testsuite> <!-- com.TestNGDemos.D13ReadingDataFromExcel -->
