<?xml version="1.0" encoding="UTF-8"?>
<!-- Generated by org.testng.reporters.JUnitReportReporter -->
<testsuite hostname="DESKTOP-G8O6OG0" failures="0" tests="6" name="com.TestNGDemos.D14DataDrivenFramework" time="10.222" errors="0" timestamp="2026-05-05T21:32:01 IST" skipped="0">
  <testcase classname="com.TestNGDemos.D14DataDrivenFramework" name="login" time="1.248"/>
  <testcase classname="com.TestNGDemos.D14DataDrivenFramework" name="login" time="0.577"/>
  <testcase classname="com.TestNGDemos.D14DataDrivenFramework" name="login" time="0.527"/>
  <testcase classname="com.TestNGDemos.D14DataDrivenFramework" name="login" time="6.419"/>
  <testcase classname="com.TestNGDemos.D14DataDrivenFramework" name="login" time="0.608"/>
  <testcase classname="com.TestNGDemos.D14DataDrivenFramework" name="login" time="0.843"/>
</testsuite> <!-- com.TestNGDemos.D14DataDrivenFramework -->
