<?xml version="1.0" encoding="UTF-8"?>
<!-- Generated by org.testng.reporters.JUnitReportReporter -->
<testsuite hostname="DESKTOP-G8O6OG0" failures="0" tests="4" name="com.TestNGDemos.D06DataProvierDemo" time="9.973" errors="0" timestamp="2026-04-28T22:06:46 IST" skipped="0">
  <testcase classname="com.TestNGDemos.D06DataProvierDemo" name="login" time="1.648"/>
  <testcase classname="com.TestNGDemos.D06DataProvierDemo" name="login" time="0.514"/>
  <testcase classname="com.TestNGDemos.D06DataProvierDemo" name="login" time="1.276"/>
  <testcase classname="com.TestNGDemos.D06DataProvierDemo" name="login" time="6.535"/>
</testsuite> <!-- com.TestNGDemos.D06DataProvierDemo -->
