<?xml version="1.0" encoding="UTF-8"?>
<!-- Generated by org.testng.reporters.JUnitReportReporter -->
<testsuite hostname="DESKTOP-G8O6OG0" failures="0" tests="4" name="com.TestNGDemos.D03Before_After_Test" time="29.757" errors="0" timestamp="2026-04-24T21:33:58 IST" skipped="0">
  <testcase classname="com.TestNGDemos.D03Before_After_Test" name="testMyntra" time="6.299"/>
  <testcase classname="com.TestNGDemos.D03Before_After_Test" name="testAmazon" time="7.986"/>
  <testcase classname="com.TestNGDemos.D03Before_After_Test" name="testFlipkart" time="4.076"/>
  <testcase classname="com.TestNGDemos.D03Before_After_Test" name="testNykaa" time="11.396"/>
</testsuite> <!-- com.TestNGDemos.D03Before_After_Test -->
